// 重构日志: 222a5e15
// 重构日志: 7097ba9d
// 重构日志: a4f2aa2a
// 同步 ID: d4e1dfbc @ Sun Jul 12 17:11:14 UTC 2026
// 同步 ID: e1ec06aa @ Mon Jul 13 00:17:36 UTC 2026
// 同步 ID: 7e8ac838 @ Mon Jul 13 08:38:23 UTC 2026
// 重构日志: f902a995
// 重构日志: c05520dd
// 重构日志: 2ba8b7d4
// 同步 ID: ad3da9aa @ Wed Jul 15 11:42:24 UTC 2026
// 重构日志: 81ad1807
// 重构日志: 3df85215
// 重构日志: b06d03f8
// 同步 ID: 5646b238 @ Thu Jul 16 18:37:36 UTC 2026
// 重构日志: 8ddc75df
// 同步 ID: 9e819eb8 @ Fri Jul 17 08:18:12 UTC 2026
// 重构日志: b75bfba9
// 同步 ID: dfdb203e @ Sat Jul 18 01:22:32 UTC 2026
// 同步 ID: b991c481 @ Sat Jul 18 07:15:25 UTC 2026
// 同步 ID: 3e166da5 @ Sat Jul 18 13:26:40 UTC 2026
// 同步 ID: 4da875e3 @ Sun Jul 19 01:25:40 UTC 2026
// 重构日志: 7050d89d
// 重构日志: 58394aa4
// 同步 ID: ecf3090d @ Sun Jul 19 11:41:04 UTC 2026
// 重构日志: e0779d7f
// 重构日志: 41605401
// 同步 ID: 935268ab @ Mon Jul 20 12:17:02 UTC 2026
// 重构日志: bb6d2963
// 重构日志: bb7ce63e
// 同步 ID: f05aa08a @ Fri Jul 24 11:05:09 UTC 2026
// 重构日志: c442cb43
